Jul 13, 2011 12:38:33 PM com.ibm.cloud.cmd.tool.Command main
INFO: Command Line Tool starting...
Jul 13, 2011 12:38:33 PM com.ibm.cloud.cmd.tool.CommandLineHandler checkArgs
INFO: Dumping args:
action : CreatePassword
username : smartes@cohesiveft.com
username : smartes@cohesiveft.com
passphrase : 1310585913
file-path : /tmp/smrtcloud-pwfile-1310585913

Jul 13, 2011 12:38:33 PM com.ibm.cloud.cmd.tool.CommandLineHandler checkArgs
INFO: Input username : smartes@cohesiveft.com
Jul 13, 2011 12:38:33 PM com.ibm.cloud.cmd.tool.CommandLineHandler checkArgs
INFO: Use the password file.
Jul 13, 2011 12:38:33 PM com.ibm.cloud.cmd.tool.CommandLineHandler execute
INFO: Input action : CreatePassword
Jul 13, 2011 12:38:33 PM com.ibm.cloud.cmd.tool.CommandLineHandler execute
INFO: Start to executing CreatePassword
Jul 13, 2011 12:38:34 PM com.ibm.cloud.cmd.tool.PasswordFileProcessor createPasswordFile
INFO: File created! path: /tmp/smrtcloud-pwfile-1310585913 name: smrtcloud-pwfile-1310585913
Jul 13, 2011 12:38:34 PM com.ibm.cloud.cmd.tool.CommandLineHandler execute
INFO: Finish executing CreatePassword
Jul 13, 2011 12:38:34 PM com.ibm.cloud.cmd.tool.Command main
INFO: Command Line Tool starting...
Jul 13, 2011 12:38:34 PM com.ibm.cloud.cmd.tool.CommandLineHandler checkArgs
INFO: Dumping args:
action : CloneVolume
name : newclone
source-disk-id : 16409
username : smartes@cohesiveft.com
passphrase : 1310585913
file-path : /tmp/smrtcloud-pwfile-1310585913

Jul 13, 2011 12:38:34 PM com.ibm.cloud.cmd.tool.CommandLineHandler checkArgs
INFO: Input username : smartes@cohesiveft.com
Jul 13, 2011 12:38:34 PM com.ibm.cloud.cmd.tool.CommandLineHandler checkArgs
INFO: Use the password file.
Jul 13, 2011 12:38:34 PM com.ibm.cloud.cmd.tool.CommandLineHandler execute
INFO: Input action : CloneVolume
Jul 13, 2011 12:38:34 PM com.ibm.cloud.cmd.tool.CommandLineHandler execute
INFO: Start to executing CloneVolume
